<?xml version="1.0" encoding="UTF-8"?>
<!-- Generated by org.testng.reporters.JUnitXMLReporter -->
<testsuite ignored="0" hostname="LAPTOP-UICENVRK" failures="1" tests="3" name="SubmitOrder" time="11.446" errors="0" timestamp="29 May 2024 07:19:11 GMT">
  <testcase classname="rahulshettyacademy.ErrorValidation" name="errorTest" time="0.734">
    <failure type="java.lang.AssertionError" message="expected [Incorrect email or password.   ] but found [Incorrect email or password.]">
      <![CDATA[java.lang.AssertionError: expected [Incorrect email or password.   ] but found [Incorrect email or password.]
at rahulshettyacademy.ErrorValidation.errorTest(ErrorValidation.java:19)
at java.base/java.util.concurrent.ThreadPoolExecutor.runWorker(ThreadPoolExecutor.java:1130)
at java.base/java.util.concurrent.ThreadPoolExecutor$Worker.run(ThreadPoolExecutor.java:630)
at java.base/java.lang.Thread.run(Thread.java:831)
... Removed 16 stack frames]]>
    </failure>
  </testcase> <!-- errorTest -->
  <testcase classname="rahulshettyacademy.TestNGFramework2" name="submitOrders" time="3.147"/>
  <testcase classname="rahulshettyacademy.TestNGFramework2" name="finalValidation" time="0.707"/>
</testsuite> <!-- SubmitOrder -->
