<?xml version="1.0" encoding="UTF-8"?>
<!-- Generated by org.testng.reporters.JUnitXMLReporter -->
<testsuite ignored="0" hostname="LAPTOP-UICENVRK" failures="1" tests="2" name="Test" time="7.653" errors="0" timestamp="29 May 2024 07:30:27 GMT">
  <testcase classname="rahulshettyacademy.ErrorValidation" name="errorTest" time="0.853">
    <skipped/>
  </testcase> <!-- errorTest -->
  <testcase classname="rahulshettyacademy.ErrorValidation" name="errorTest" time="0.399">
    <failure type="java.lang.AssertionError" message="expected [Incorrect email or password.   ] but found [Incorrect email or password.]">
      <![CDATA[java.lang.AssertionError: expected [Incorrect email or password.   ] but found [Incorrect email or password.]
at rahulshettyacademy.ErrorValidation.errorTest(ErrorValidation.java:20)
... Removed 31 stack frames]]>
    </failure>
  </testcase> <!-- errorTest -->
</testsuite> <!-- Test -->
