<?xml version="1.0" encoding="UTF-8"?>
<testng-results ignored="0" total="2" passed="2" failed="0" skipped="0">
  <reporter-output>
  </reporter-output>
  <suite started-at="2024-05-30T08:27:27Z" name="Surefire suite" finished-at="2024-05-30T08:27:42Z" duration-ms="14259">
    <groups>
      <group name="cucumber">
        <method signature="AbstractTestNGCucumberTests.runScenario(io.cucumber.testng.PickleWrapper, io.cucumber.testng.FeatureWrapper)[pri:0, instance:cucumber.Runner@8b96fde]" name="runScenario" class="io.cucumber.testng.AbstractTestNGCucumberTests"/>
      </group> <!-- cucumber -->
    </groups>
    <test started-at="2024-05-30T08:27:27Z" name="Surefire test" finished-at="2024-05-30T08:27:42Z" duration-ms="14259">
      <class name="cucumber.Runner">
        <test-method is-config="true" signature="setUpClass(org.testng.ITestContext)[pri:0, instance:cucumber.Runner@8b96fde]" started-at="2024-05-30T08:27:27Z" name="setUpClass" finished-at="2024-05-30T08:27:28Z" duration-ms="392" status="PASS">
          <params>
            <param index="0">
              <value>
                <![CDATA[org.testng.TestRunner@70331432]]>
              </value>
            </param>
          </params>
          <reporter-output>
          </reporter-output>
        </test-method> <!-- setUpClass -->
        <test-method signature="runScenario(io.cucumber.testng.PickleWrapper, io.cucumber.testng.FeatureWrapper)[pri:0, instance:cucumber.Runner@8b96fde]" started-at="2024-05-30T08:27:28Z" name="runScenario" description="Runs Cucumber Scenarios" data-provider="scenarios" finished-at="2024-05-30T08:27:35Z" duration-ms="6822" status="PASS">
          <params>
            <param index="0">
              <value>
                <![CDATA[""]]>
              </value>
            </param>
            <param index="1">
              <value>
                <![CDATA["Error Validation"]]>
              </value>
            </param>
          </params>
          <reporter-output>
          </reporter-output>
        </test-method> <!-- runScenario -->
        <test-method signature="runScenario(io.cucumber.testng.PickleWrapper, io.cucumber.testng.FeatureWrapper)[pri:0, instance:cucumber.Runner@8b96fde]" started-at="2024-05-30T08:27:35Z" name="runScenario" description="Runs Cucumber Scenarios" data-provider="scenarios" finished-at="2024-05-30T08:27:42Z" duration-ms="7015" status="PASS">
          <params>
            <param index="0">
              <value>
                <![CDATA[""]]>
              </value>
            </param>
            <param index="1">
              <value>
                <![CDATA["Place an order via E-Commerce website"]]>
              </value>
            </param>
          </params>
          <reporter-output>
          </reporter-output>
        </test-method> <!-- runScenario -->
        <test-method is-config="true" signature="tearDownClass()[pri:0, instance:cucumber.Runner@8b96fde]" started-at="2024-05-30T08:27:42Z" name="tearDownClass" finished-at="2024-05-30T08:27:42Z" duration-ms="19" status="PASS">
          <reporter-output>
          </reporter-output>
        </test-method> <!-- tearDownClass -->
      </class> <!-- cucumber.Runner -->
    </test> <!-- Surefire test -->
  </suite> <!-- Surefire suite -->
</testng-results>
